<config
	xmlns:xsi='http://www.w3.org/2001/XMLSchema-instance'
	xmlns='http://www.ehcache.org/v3'
	xsi:schemaLocation="http://www.ehcache.org/v3 http://www.ehcache.org/schema/ehcache-core-3.0.xsd">

	<cache alias="testCache">
		<key-type>java.lang.String</key-type>
		<value-type>java.lang.Integer</value-type>
		<heap unit="entries">100</heap>
	</cache>

	<cache alias="testCache2">
		<key-type>java.lang.String</key-type>
		<value-type>java.lang.Integer</value-type>
		<heap unit="entries">100</heap>
	</cache>

	<cache alias="testCache3">
		<key-type>java.lang.String</key-type>
		<value-type>java.lang.Integer</value-type>
		<heap unit="entries">100</heap>
	</cache>

	<cache alias="testCache4">
		<key-type>java.lang.String</key-type>
		<value-type>java.lang.Integer</value-type>
		<heap unit="entries">100</heap>
	</cache>

	<cache alias="testCache5">
		<key-type>java.lang.String</key-type>
		<value-type>java.lang.Integer</value-type>
		<heap unit="entries">100</heap>
	</cache>

</config>